{
  "numFailedTestSuites": 1,
  "numFailedTests": 1,
  "numPassedTestSuites": 0,
  "numPassedTests": 2,
  "numPendingTestSuites": 0,
  "numPendingTests": 0,
  "numRuntimeErrorTestSuites": 0,
  "numTodoTests": 0,
  "numTotalTestSuites": 1,
  "numTotalTests": 3,
  "openHandles": [],
  "snapshot": {
    "added": 0,
    "didUpdate": false,
    "failure": false,
    "filesAdded": 0,
    "filesRemoved": 0,
    "filesRemovedList": [],
    "filesUnmatched": 0,
    "filesUpdated": 0,
    "matched": 0,
    "total": 0,
    "unchecked": 0,
    "uncheckedKeysByFile": [],
    "unmatched": 0,
    "updated": 0
  },
  "startTime": 1619194486729,
  "success": false,
  "testResults": [
    {
      "assertionResults": [
        {
          "ancestorTitles": [],
          "failureMessages": [
            "Error: \u001b[2mexpect(\u001b[22m\u001b[31mreceived\u001b[39m\u001b[2m).\u001b[22mtoEqual\u001b[2m(\u001b[22m\u001b[32mexpected\u001b[39m\u001b[2m) // deep equality\u001b[22m\n\nExpected: \u001b[32m3\u001b[39m\nReceived: \u001b[31m5\u001b[39m\n    at Object.<anonymous> (/Users/cakeinpanic/projects/actions-test/src/App.test.js:2:13)\n    at Object.asyncJestTest (/Users/cakeinpanic/projects/actions-test/node_modules/jest-jasmine2/build/jasmineAsyncInstall.js:106:37)\n    at /Users/cakeinpanic/projects/actions-test/node_modules/jest-jasmine2/build/queueRunner.js:45:12\n    at new Promise (<anonymous>)\n    at mapper (/Users/cakeinpanic/projects/actions-test/node_modules/jest-jasmine2/build/queueRunner.js:28:19)\n    at /Users/cakeinpanic/projects/actions-test/node_modules/jest-jasmine2/build/queueRunner.js:75:41"
          ],
          "fullName": "simple test fail",
          "location": null,
          "status": "failed",
          "title": "simple test fail"
        },
        {
          "ancestorTitles": [],
          "failureMessages": [],
          "fullName": "simple test success",
          "location": null,
          "status": "passed",
          "title": "simple test success"
        },
        {
          "ancestorTitles": [],
          "failureMessages": [],
          "fullName": "simple test flaky",
          "location": null,
          "status": "passed",
          "title": "simple test flaky"
        }
      ],
      "endTime": 1619194487942,
      "message": "\u001b[1m\u001b[31m  \u001b[1m● \u001b[22m\u001b[1msimple test fail\u001b[39m\u001b[22m\n\n    \u001b[2mexpect(\u001b[22m\u001b[31mreceived\u001b[39m\u001b[2m).\u001b[22mtoEqual\u001b[2m(\u001b[22m\u001b[32mexpected\u001b[39m\u001b[2m) // deep equality\u001b[22m\n\n    Expected: \u001b[32m3\u001b[39m\n    Received: \u001b[31m5\u001b[39m\n\u001b[2m\u001b[22m\n\u001b[2m    \u001b[0m \u001b[90m 1 |\u001b[39m test(\u001b[32m'simple test fail'\u001b[39m\u001b[33m,\u001b[39m () \u001b[33m=>\u001b[39m {\u001b[0m\u001b[22m\n\u001b[2m    \u001b[0m\u001b[31m\u001b[1m>\u001b[22m\u001b[2m\u001b[39m\u001b[90m 2 |\u001b[39m   expect(\u001b[35m5\u001b[39m)\u001b[33m.\u001b[39mtoEqual(\u001b[35m3\u001b[39m)\u001b[0m\u001b[22m\n\u001b[2m    \u001b[0m \u001b[90m   |\u001b[39m             \u001b[31m\u001b[1m^\u001b[22m\u001b[2m\u001b[39m\u001b[0m\u001b[22m\n\u001b[2m    \u001b[0m \u001b[90m 3 |\u001b[39m })\u001b[33m;\u001b[39m\u001b[0m\u001b[22m\n\u001b[2m    \u001b[0m \u001b[90m 4 |\u001b[39m\u001b[0m\u001b[22m\n\u001b[2m    \u001b[0m \u001b[90m 5 |\u001b[39m test(\u001b[32m'simple test success'\u001b[39m\u001b[33m,\u001b[39m () \u001b[33m=>\u001b[39m {\u001b[0m\u001b[22m\n\u001b[2m\u001b[22m\n\u001b[2m      \u001b[2mat Object.<anonymous> (\u001b[22m\u001b[2m\u001b[0m\u001b[36msrc/App.test.js\u001b[39m\u001b[0m\u001b[2m:2:13)\u001b[22m\u001b[2m\u001b[22m\n",
      "name": "/Users/cakeinpanic/projects/actions-test/src/App.test.js",
      "startTime": 1619194487514,
      "status": "failed",
      "summary": ""
    }
  ],
  "wasInterrupted": false
}
